<?xml version="1.0" encoding="UTF-8"?>
<testng-results skipped="0" failed="0" ignored="0" total="1" passed="1">
  <reporter-output>
  </reporter-output>
  <suite name="Default suite" duration-ms="24722" started-at="2020-01-07T12:31:59 IST" finished-at="2020-01-07T12:32:24 IST">
    <groups>
      <group name="cucumber">
        <method signature="AbstractTestNGCucumberTests.runScenario(cucumber.api.testng.PickleEventWrapper, cucumber.api.testng.CucumberFeatureWrapper)[pri:0, instance:runner.RunTest@64729b1e]" name="runScenario" class="cucumber.api.testng.AbstractTestNGCucumberTests"/>
      </group> <!-- cucumber -->
    </groups>
    <test name="Default test" duration-ms="24722" started-at="2020-01-07T12:31:59 IST" finished-at="2020-01-07T12:32:24 IST">
      <class name="runner.RunTest">
        <test-method status="PASS" signature="setUpClass()[pri:0, instance:runner.RunTest@64729b1e]" name="setUpClass" is-config="true" duration-ms="149" started-at="2020-01-07T12:31:59 IST" finished-at="2020-01-07T12:32:00 IST">
          <reporter-output>
          </reporter-output>
        </test-method> <!-- setUpClass -->
        <test-method status="PASS" signature="runScenario(cucumber.api.testng.PickleEventWrapper, cucumber.api.testng.CucumberFeatureWrapper)[pri:0, instance:runner.RunTest@64729b1e]" name="runScenario" duration-ms="24452" started-at="2020-01-07T12:32:00 IST" description="Runs Cucumber Scenarios" data-provider="scenarios" finished-at="2020-01-07T12:32:24 IST">
          <params>
            <param index="0">
              <value>
                <![CDATA["TC002 DeletedLead Positive Flow"]]>
              </value>
            </param>
            <param index="1">
              <value>
                <![CDATA["TC002 DeleteLead for LeafTaps"]]>
              </value>
            </param>
          </params>
          <reporter-output>
          </reporter-output>
        </test-method> <!-- runScenario -->
        <test-method status="PASS" signature="tearDownClass()[pri:0, instance:runner.RunTest@64729b1e]" name="tearDownClass" is-config="true" duration-ms="22" started-at="2020-01-07T12:32:24 IST" finished-at="2020-01-07T12:32:24 IST">
          <reporter-output>
          </reporter-output>
        </test-method> <!-- tearDownClass -->
      </class> <!-- runner.RunTest -->
    </test> <!-- Default test -->
  </suite> <!-- Default suite -->
</testng-results>
